[17-03-2018 11:44:18.655] (CheckManager) Enabled check chat.Spam
[17-03-2018 11:44:18.665] (CheckManager) Enabled check combat.Hitbox
[17-03-2018 11:44:18.669] (CheckManager) Enabled check combat.Fastbow
[17-03-2018 11:44:18.672] (CheckManager) Enabled check combat.FightSpeed
[17-03-2018 11:44:18.674] (CheckManager) Enabled check combat.Regen
[17-03-2018 11:44:18.677] (CheckManager) Enabled check combat.FastUse
[17-03-2018 11:44:18.682] (CheckManager) Enabled check combat.Killaura
[17-03-2018 11:44:18.707] (CheckManager) Enabled check combat.Heuristics
[17-03-2018 11:44:18.715] (CheckManager) Enabled check movement.BadPackets
[17-03-2018 11:44:18.726] (CheckManager) Enabled check movement.Speed
[17-03-2018 11:44:18.734] (CheckManager) Enabled check movement.Phase
[17-03-2018 11:44:18.752] (CheckManager) Enabled check movement.Fly
[17-03-2018 11:44:18.757] (CheckManager) Enabled check movement.NoFall
[17-03-2018 11:44:18.762] (CheckManager) Enabled check movement.Jesus
[17-03-2018 11:44:18.762] (CheckManager) Enabled check movement.Derp
[17-03-2018 11:44:18.764] (CheckManager) Enabled check combat.Criticals
[17-03-2018 11:44:18.770] (CheckManager) Enabled check world.FastBreak
[17-03-2018 11:44:18.772] (CheckManager) Enabled check world.FastPlace
[17-03-2018 11:44:18.775] (CheckManager) Enabled check world.Nuker
[17-03-2018 11:44:18.778] (CheckManager) Enabled check world.NoSwing
[17-03-2018 11:44:18.784] (CheckManager) Enabled check world.Interact
[17-03-2018 11:44:18.795] (CheckManager) Enabled check world.Velocity
[17-03-2018 11:44:18.815] (CheckManager) Enabled check MovementManager
[17-03-2018 11:44:18.827] AAC has been enabled
