[17:58:28] [User Authenticator #1/INFO]: UUID of player emeraldtnt is 84e46830-e044-4837-988b-18285ab01b8c
[17:58:28] [Server thread/INFO]: emeraldtnt dragged back: Join teleport
[17:58:28] [Server thread/INFO]: emeraldtnt[localhost/127.0.0.1:53076] logged in with entity id 89 at ([world]175.5, 68.0, 248.5)
[17:58:28] [Craft Scheduler Thread - 6/WARN]: [Essentials] File motd.txt does not exist. Creating one for you.
[17:58:28] [pool-10-thread-1/INFO]: [Essentials] Creating empty config: /home/joseph/Desktop/josephworks/Gwen-Remade/env/plugins/Essentials/userdata/84e46830-e044-4837-988b-18285ab01b8c.yml
[17:58:29] [Server thread/INFO]: emeraldtnt has made the advancement [Getting an Upgrade]
[17:58:29] [Server thread/INFO]: CRUCIAL > Loading is finished !
[17:58:29] [Server thread/INFO]: CRUCIAL > ALERT : You're using a different version than 1.11. Note that this version of Crucial only works at 1.11.
[17:58:29] [Netty Epoll Server IO #2/ERROR]: [AACAdditionPro] Unhandled exception occured in onPacketReceiving(PacketEvent) for AACAdditionPro
java.lang.NoSuchMethodError: com.comphenix.protocol.events.PacketEvent.isPlayerTemporary()Z
	at de.photon.AACAdditionPro.c.onPacketReceiving(c.java:4) ~[?:?]
	at com.comphenix.protocol.injector.SortedPacketListenerList.invokeReceivingListener(SortedPacketListenerList.java:114) ~[?:?]
	at com.comphenix.protocol.injector.SortedPacketListenerList.invokePacketRecieving(SortedPacketListenerList.java:67) ~[?:?]
	at com.comphenix.protocol.injector.PacketFilterManager.handlePacket(PacketFilterManager.java:590) ~[?:?]
	at com.comphenix.protocol.injector.PacketFilterManager.invokePacketRecieving(PacketFilterManager.java:557) ~[?:?]
	at com.comphenix.protocol.injector.netty.ProtocolInjector.packetReceived(ProtocolInjector.java:352) ~[?:?]
	at com.comphenix.protocol.injector.netty.ProtocolInjector.onPacketReceiving(ProtocolInjector.java:317) ~[?:?]
	at com.comphenix.protocol.injector.netty.ChannelInjector.decode(ChannelInjector.java:531) ~[?:?]
	at io.netty.handler.codec.ByteToMessageDecoder.decodeRemovalReentryProtection(ByteToMessageDecoder.java:489) ~[patched_1.12.2.jar:git-Paper-1593]
	at io.netty.handler.codec.ByteToMessageDecoder.callDecode(ByteToMessageDecoder.java:428) ~[patched_1.12.2.jar:git-Paper-1593]
	at io.netty.handler.codec.ByteToMessageDecoder.channelRead(ByteToMessageDecoder.java:265) ~[patched_1.12.2.jar:git-Paper-1593]
	at io.netty.channel.AbstractChannelHandlerContext.invokeChannelRead(AbstractChannelHandlerContext.java:362) ~[patched_1.12.2.jar:git-Paper-1593]
	at io.netty.channel.AbstractChannelHandlerContext.invokeChannelRead(AbstractChannelHandlerContext.java:348) ~[patched_1.12.2.jar:git-Paper-1593]
	at io.netty.channel.AbstractChannelHandlerContext.fireChannelRead(AbstractChannelHandlerContext.java:340) ~[patched_1.12.2.jar:git-Paper-1593]
	at io.netty.handler.codec.ByteToMessageDecoder.fireChannelRead(ByteToMessageDecoder.java:310) ~[patched_1.12.2.jar:git-Paper-1593]
	at io.netty.handler.codec.ByteToMessageDecoder.channelRead(ByteToMessageDecoder.java:284) ~[patched_1.12.2.jar:git-Paper-1593]
	at io.netty.channel.AbstractChannelHandlerContext.invokeChannelRead(AbstractChannelHandlerContext.java:362) ~[patched_1.12.2.jar:git-Paper-1593]
	at io.netty.channel.AbstractChannelHandlerContext.invokeChannelRead(AbstractChannelHandlerContext.java:348) ~[patched_1.12.2.jar:git-Paper-1593]
	at io.netty.channel.AbstractChannelHandlerContext.fireChannelRead(AbstractChannelHandlerContext.java:340) ~[patched_1.12.2.jar:git-Paper-1593]
	at com.comphenix.protocol.injector.netty.ChannelInjector$4.channelRead(ChannelInjector.java:263) ~[?:?]
	at io.netty.channel.AbstractChannelHandlerContext.invokeChannelRead(AbstractChannelHandlerContext.java:362) ~[patched_1.12.2.jar:git-Paper-1593]
	at io.netty.channel.AbstractChannelHandlerContext.invokeChannelRead(AbstractChannelHandlerContext.java:348) ~[patched_1.12.2.jar:git-Paper-1593]
	at io.netty.channel.AbstractChannelHandlerContext.fireChannelRead(AbstractChannelHandlerContext.java:340) ~[patched_1.12.2.jar:git-Paper-1593]
	at io.netty.handler.codec.ByteToMessageDecoder.fireChannelRead(ByteToMessageDecoder.java:310) ~[patched_1.12.2.jar:git-Paper-1593]
	at io.netty.handler.codec.ByteToMessageDecoder.channelRead(ByteToMessageDecoder.java:284) ~[patched_1.12.2.jar:git-Paper-1593]
	at io.netty.channel.AbstractChannelHandlerContext.invokeChannelRead(AbstractChannelHandlerContext.java:362) ~[patched_1.12.2.jar:git-Paper-1593]
	at io.netty.channel.AbstractChannelHandlerContext.invokeChannelRead(AbstractChannelHandlerContext.java:348) ~[patched_1.12.2.jar:git-Paper-1593]
	at io.netty.channel.AbstractChannelHandlerContext.fireChannelRead(AbstractChannelHandlerContext.java:340) ~[patched_1.12.2.jar:git-Paper-1593]
	at io.netty.handler.codec.MessageToMessageDecoder.channelRead(MessageToMessageDecoder.java:102) ~[patched_1.12.2.jar:git-Paper-1593]
	at io.netty.channel.AbstractChannelHandlerContext.invokeChannelRead(AbstractChannelHandlerContext.java:362) ~[patched_1.12.2.jar:git-Paper-1593]
	at io.netty.channel.AbstractChannelHandlerContext.invokeChannelRead(AbstractChannelHandlerContext.java:348) ~[patched_1.12.2.jar:git-Paper-1593]
	at io.netty.channel.AbstractChannelHandlerContext.fireChannelRead(AbstractChannelHandlerContext.java:340) ~[patched_1.12.2.jar:git-Paper-1593]
	at io.netty.handler.timeout.IdleStateHandler.channelRead(IdleStateHandler.java:286) ~[patched_1.12.2.jar:git-Paper-1593]
	at io.netty.channel.AbstractChannelHandlerContext.invokeChannelRead(AbstractChannelHandlerContext.java:362) ~[patched_1.12.2.jar:git-Paper-1593]
	at io.netty.channel.AbstractChannelHandlerContext.invokeChannelRead(AbstractChannelHandlerContext.java:348) ~[patched_1.12.2.jar:git-Paper-1593]
	at io.netty.channel.AbstractChannelHandlerContext.fireChannelRead(AbstractChannelHandlerContext.java:340) ~[patched_1.12.2.jar:git-Paper-1593]
	at io.netty.channel.DefaultChannelPipeline$HeadContext.channelRead(DefaultChannelPipeline.java:1434) ~[patched_1.12.2.jar:git-Paper-1593]
	at io.netty.channel.AbstractChannelHandlerContext.invokeChannelRead(AbstractChannelHandlerContext.java:362) ~[patched_1.12.2.jar:git-Paper-1593]
	at io.netty.channel.AbstractChannelHandlerContext.invokeChannelRead(AbstractChannelHandlerContext.java:348) ~[patched_1.12.2.jar:git-Paper-1593]
	at io.netty.channel.DefaultChannelPipeline.fireChannelRead(DefaultChannelPipeline.java:965) ~[patched_1.12.2.jar:git-Paper-1593]
	at io.netty.channel.epoll.AbstractEpollStreamChannel$EpollStreamUnsafe.epollInReady(AbstractEpollStreamChannel.java:808) ~[patched_1.12.2.jar:git-Paper-1593]
	at io.netty.channel.epoll.EpollEventLoop.processReady(EpollEventLoop.java:404) ~[patched_1.12.2.jar:git-Paper-1593]
	at io.netty.channel.epoll.EpollEventLoop.run(EpollEventLoop.java:304) ~[patched_1.12.2.jar:git-Paper-1593]
	at io.netty.util.concurrent.SingleThreadEventExecutor$5.run(SingleThreadEventExecutor.java:884) ~[patched_1.12.2.jar:git-Paper-1593]
	at java.lang.Thread.run(Thread.java:834) [?:?]
[17:58:29] [Netty Epoll Server IO #2/ERROR]: Parameters: 
  net.minecraft.server.v1_12_R1.PacketPlayInFlying$PacketPlayInPositionLook@4a536213[
    x=175.5
    y=68.0
    z=248.5
    yaw=2.9017186
    pitch=0.0
    f=false
    hasPos=true
    hasLook=true
  ]

[17:58:29] [Netty Epoll Server IO #2/ERROR]: [AACAdditionPro] Unhandled exception occured in onPacketReceiving(PacketEvent) for AACAdditionPro
java.lang.NoSuchMethodError: com.comphenix.protocol.events.PacketEvent.isPlayerTemporary()Z
	at de.photon.AACAdditionPro.c.onPacketReceiving(c.java:4) ~[?:?]
	at com.comphenix.protocol.injector.SortedPacketListenerList.invokeReceivingListener(SortedPacketListenerList.java:114) ~[?:?]
	at com.comphenix.protocol.injector.SortedPacketListenerList.invokePacketRecieving(SortedPacketListenerList.java:67) ~[?:?]
	at com.comphenix.protocol.injector.PacketFilterManager.handlePacket(PacketFilterManager.java:590) ~[?:?]
	at com.comphenix.protocol.injector.PacketFilterManager.invokePacketRecieving(PacketFilterManager.java:557) ~[?:?]
	at com.comphenix.protocol.injector.netty.ProtocolInjector.packetReceived(ProtocolInjector.java:352) ~[?:?]
	at com.comphenix.protocol.injector.netty.ProtocolInjector.onPacketReceiving(ProtocolInjector.java:317) ~[?:?]
	at com.comphenix.protocol.injector.netty.ChannelInjector.decode(ChannelInjector.java:531) ~[?:?]
	at io.netty.handler.codec.ByteToMessageDecoder.decodeRemovalReentryProtection(ByteToMessageDecoder.java:489) ~[patched_1.12.2.jar:git-Paper-1593]
	at io.netty.handler.codec.ByteToMessageDecoder.callDecode(ByteToMessageDecoder.java:428) ~[patched_1.12.2.jar:git-Paper-1593]
	at io.netty.handler.codec.ByteToMessageDecoder.channelRead(ByteToMessageDecoder.java:265) ~[patched_1.12.2.jar:git-Paper-1593]
	at io.netty.channel.AbstractChannelHandlerContext.invokeChannelRead(AbstractChannelHandlerContext.java:362) ~[patched_1.12.2.jar:git-Paper-1593]
	at io.netty.channel.AbstractChannelHandlerContext.invokeChannelRead(AbstractChannelHandlerContext.java:348) ~[patched_1.12.2.jar:git-Paper-1593]
	at io.netty.channel.AbstractChannelHandlerContext.fireChannelRead(AbstractChannelHandlerContext.java:340) ~[patched_1.12.2.jar:git-Paper-1593]
	at io.netty.handler.codec.ByteToMessageDecoder.fireChannelRead(ByteToMessageDecoder.java:310) ~[patched_1.12.2.jar:git-Paper-1593]
	at io.netty.handler.codec.ByteToMessageDecoder.channelRead(ByteToMessageDecoder.java:284) ~[patched_1.12.2.jar:git-Paper-1593]
	at io.netty.channel.AbstractChannelHandlerContext.invokeChannelRead(AbstractChannelHandlerContext.java:362) ~[patched_1.12.2.jar:git-Paper-1593]
	at io.netty.channel.AbstractChannelHandlerContext.invokeChannelRead(AbstractChannelHandlerContext.java:348) ~[patched_1.12.2.jar:git-Paper-1593]
	at io.netty.channel.AbstractChannelHandlerContext.fireChannelRead(AbstractChannelHandlerContext.java:340) ~[patched_1.12.2.jar:git-Paper-1593]
	at com.comphenix.protocol.injector.netty.ChannelInjector$4.channelRead(ChannelInjector.java:263) ~[?:?]
	at io.netty.channel.AbstractChannelHandlerContext.invokeChannelRead(AbstractChannelHandlerContext.java:362) ~[patched_1.12.2.jar:git-Paper-1593]
	at io.netty.channel.AbstractChannelHandlerContext.invokeChannelRead(AbstractChannelHandlerContext.java:348) ~[patched_1.12.2.jar:git-Paper-1593]
	at io.netty.channel.AbstractChannelHandlerContext.fireChannelRead(AbstractChannelHandlerContext.java:340) ~[patched_1.12.2.jar:git-Paper-1593]
	at io.netty.handler.codec.ByteToMessageDecoder.fireChannelRead(ByteToMessageDecoder.java:310) ~[patched_1.12.2.jar:git-Paper-1593]
	at io.netty.handler.codec.ByteToMessageDecoder.channelRead(ByteToMessageDecoder.java:284) ~[patched_1.12.2.jar:git-Paper-1593]
	at io.netty.channel.AbstractChannelHandlerContext.invokeChannelRead(AbstractChannelHandlerContext.java:362) ~[patched_1.12.2.jar:git-Paper-1593]
	at io.netty.channel.AbstractChannelHandlerContext.invokeChannelRead(AbstractChannelHandlerContext.java:348) ~[patched_1.12.2.jar:git-Paper-1593]
	at io.netty.channel.AbstractChannelHandlerContext.fireChannelRead(AbstractChannelHandlerContext.java:340) ~[patched_1.12.2.jar:git-Paper-1593]
	at io.netty.handler.codec.MessageToMessageDecoder.channelRead(MessageToMessageDecoder.java:102) ~[patched_1.12.2.jar:git-Paper-1593]
	at io.netty.channel.AbstractChannelHandlerContext.invokeChannelRead(AbstractChannelHandlerContext.java:362) ~[patched_1.12.2.jar:git-Paper-1593]
	at io.netty.channel.AbstractChannelHandlerContext.invokeChannelRead(AbstractChannelHandlerContext.java:348) ~[patched_1.12.2.jar:git-Paper-1593]
	at io.netty.channel.AbstractChannelHandlerContext.fireChannelRead(AbstractChannelHandlerContext.java:340) ~[patched_1.12.2.jar:git-Paper-1593]
	at io.netty.handler.timeout.IdleStateHandler.channelRead(IdleStateHandler.java:286) ~[patched_1.12.2.jar:git-Paper-1593]
	at io.netty.channel.AbstractChannelHandlerContext.invokeChannelRead(AbstractChannelHandlerContext.java:362) ~[patched_1.12.2.jar:git-Paper-1593]
	at io.netty.channel.AbstractChannelHandlerContext.invokeChannelRead(AbstractChannelHandlerContext.java:348) ~[patched_1.12.2.jar:git-Paper-1593]
	at io.netty.channel.AbstractChannelHandlerContext.fireChannelRead(AbstractChannelHandlerContext.java:340) ~[patched_1.12.2.jar:git-Paper-1593]
	at io.netty.channel.DefaultChannelPipeline$HeadContext.channelRead(DefaultChannelPipeline.java:1434) ~[patched_1.12.2.jar:git-Paper-1593]
	at io.netty.channel.AbstractChannelHandlerContext.invokeChannelRead(AbstractChannelHandlerContext.java:362) ~[patched_1.12.2.jar:git-Paper-1593]
	at io.netty.channel.AbstractChannelHandlerContext.invokeChannelRead(AbstractChannelHandlerContext.java:348) ~[patched_1.12.2.jar:git-Paper-1593]
	at io.netty.channel.DefaultChannelPipeline.fireChannelRead(DefaultChannelPipeline.java:965) ~[patched_1.12.2.jar:git-Paper-1593]
	at io.netty.channel.epoll.AbstractEpollStreamChannel$EpollStreamUnsafe.epollInReady(AbstractEpollStreamChannel.java:808) ~[patched_1.12.2.jar:git-Paper-1593]
	at io.netty.channel.epoll.EpollEventLoop.processReady(EpollEventLoop.java:404) ~[patched_1.12.2.jar:git-Paper-1593]
	at io.netty.channel.epoll.EpollEventLoop.run(EpollEventLoop.java:304) ~[patched_1.12.2.jar:git-Paper-1593]
	at io.netty.util.concurrent.SingleThreadEventExecutor$5.run(SingleThreadEventExecutor.java:884) ~[patched_1.12.2.jar:git-Paper-1593]
	at java.lang.Thread.run(Thread.java:834) [?:?]
[17:58:29] [Netty Epoll Server IO #2/ERROR]: Parameters: 
  net.minecraft.server.v1_12_R1.PacketPlayInFlying$PacketPlayInPositionLook@1c166f06[
    x=175.5
    y=68.0
    z=248.5
    yaw=2.9017186
    pitch=0.0
    f=false
    hasPos=true
    hasLook=true
  ]

[17:58:30] [Netty Epoll Server IO #2/ERROR]: [AACAdditionPro] Unhandled exception occured in onPacketReceiving(PacketEvent) for AACAdditionPro
java.lang.NoSuchMethodError: com.comphenix.protocol.events.PacketEvent.isPlayerTemporary()Z
	at de.photon.AACAdditionPro.c.onPacketReceiving(c.java:4) ~[?:?]
	at com.comphenix.protocol.injector.SortedPacketListenerList.invokeReceivingListener(SortedPacketListenerList.java:114) ~[?:?]
	at com.comphenix.protocol.injector.SortedPacketListenerList.invokePacketRecieving(SortedPacketListenerList.java:67) ~[?:?]
	at com.comphenix.protocol.injector.PacketFilterManager.handlePacket(PacketFilterManager.java:590) ~[?:?]
	at com.comphenix.protocol.injector.PacketFilterManager.invokePacketRecieving(PacketFilterManager.java:557) ~[?:?]
	at com.comphenix.protocol.injector.netty.ProtocolInjector.packetReceived(ProtocolInjector.java:352) ~[?:?]
	at com.comphenix.protocol.injector.netty.ProtocolInjector.onPacketReceiving(ProtocolInjector.java:317) ~[?:?]
	at com.comphenix.protocol.injector.netty.ChannelInjector.decode(ChannelInjector.java:531) ~[?:?]
	at io.netty.handler.codec.ByteToMessageDecoder.decodeRemovalReentryProtection(ByteToMessageDecoder.java:489) ~[patched_1.12.2.jar:git-Paper-1593]
	at io.netty.handler.codec.ByteToMessageDecoder.callDecode(ByteToMessageDecoder.java:428) ~[patched_1.12.2.jar:git-Paper-1593]
	at io.netty.handler.codec.ByteToMessageDecoder.channelRead(ByteToMessageDecoder.java:265) ~[patched_1.12.2.jar:git-Paper-1593]
	at io.netty.channel.AbstractChannelHandlerContext.invokeChannelRead(AbstractChannelHandlerContext.java:362) ~[patched_1.12.2.jar:git-Paper-1593]
	at io.netty.channel.AbstractChannelHandlerContext.invokeChannelRead(AbstractChannelHandlerContext.java:348) ~[patched_1.12.2.jar:git-Paper-1593]
	at io.netty.channel.AbstractChannelHandlerContext.fireChannelRead(AbstractChannelHandlerContext.java:340) ~[patched_1.12.2.jar:git-Paper-1593]
	at io.netty.handler.codec.ByteToMessageDecoder.fireChannelRead(ByteToMessageDecoder.java:310) ~[patched_1.12.2.jar:git-Paper-1593]
	at io.netty.handler.codec.ByteToMessageDecoder.channelRead(ByteToMessageDecoder.java:284) ~[patched_1.12.2.jar:git-Paper-1593]
	at io.netty.channel.AbstractChannelHandlerContext.invokeChannelRead(AbstractChannelHandlerContext.java:362) ~[patched_1.12.2.jar:git-Paper-1593]
	at io.netty.channel.AbstractChannelHandlerContext.invokeChannelRead(AbstractChannelHandlerContext.java:348) ~[patched_1.12.2.jar:git-Paper-1593]
	at io.netty.channel.AbstractChannelHandlerContext.fireChannelRead(AbstractChannelHandlerContext.java:340) ~[patched_1.12.2.jar:git-Paper-1593]
	at com.comphenix.protocol.injector.netty.ChannelInjector$4.channelRead(ChannelInjector.java:263) ~[?:?]
	at io.netty.channel.AbstractChannelHandlerContext.invokeChannelRead(AbstractChannelHandlerContext.java:362) ~[patched_1.12.2.jar:git-Paper-1593]
	at io.netty.channel.AbstractChannelHandlerContext.invokeChannelRead(AbstractChannelHandlerContext.java:348) ~[patched_1.12.2.jar:git-Paper-1593]
	at io.netty.channel.AbstractChannelHandlerContext.fireChannelRead(AbstractChannelHandlerContext.java:340) ~[patched_1.12.2.jar:git-Paper-1593]
	at io.netty.handler.codec.ByteToMessageDecoder.fireChannelRead(ByteToMessageDecoder.java:310) ~[patched_1.12.2.jar:git-Paper-1593]
	at io.netty.handler.codec.ByteToMessageDecoder.fireChannelRead(ByteToMessageDecoder.java:297) ~[patched_1.12.2.jar:git-Paper-1593]
	at io.netty.handler.codec.ByteToMessageDecoder.callDecode(ByteToMessageDecoder.java:413) ~[patched_1.12.2.jar:git-Paper-1593]
	at io.netty.handler.codec.ByteToMessageDecoder.channelRead(ByteToMessageDecoder.java:265) ~[patched_1.12.2.jar:git-Paper-1593]
	at io.netty.channel.AbstractChannelHandlerContext.invokeChannelRead(AbstractChannelHandlerContext.java:362) ~[patched_1.12.2.jar:git-Paper-1593]
	at io.netty.channel.AbstractChannelHandlerContext.invokeChannelRead(AbstractChannelHandlerContext.java:348) ~[patched_1.12.2.jar:git-Paper-1593]
	at io.netty.channel.AbstractChannelHandlerContext.fireChannelRead(AbstractChannelHandlerContext.java:340) ~[patched_1.12.2.jar:git-Paper-1593]
	at io.netty.handler.codec.MessageToMessageDecoder.channelRead(MessageToMessageDecoder.java:102) ~[patched_1.12.2.jar:git-Paper-1593]
	at io.netty.channel.AbstractChannelHandlerContext.invokeChannelRead(AbstractChannelHandlerContext.java:362) ~[patched_1.12.2.jar:git-Paper-1593]
	at io.netty.channel.AbstractChannelHandlerContext.invokeChannelRead(AbstractChannelHandlerContext.java:348) ~[patched_1.12.2.jar:git-Paper-1593]
	at io.netty.channel.AbstractChannelHandlerContext.fireChannelRead(AbstractChannelHandlerContext.java:340) ~[patched_1.12.2.jar:git-Paper-1593]
	at io.netty.handler.timeout.IdleStateHandler.channelRead(IdleStateHandler.java:286) ~[patched_1.12.2.jar:git-Paper-1593]
	at io.netty.channel.AbstractChannelHandlerContext.invokeChannelRead(AbstractChannelHandlerContext.java:362) ~[patched_1.12.2.jar:git-Paper-1593]
	at io.netty.channel.AbstractChannelHandlerContext.invokeChannelRead(AbstractChannelHandlerContext.java:348) ~[patched_1.12.2.jar:git-Paper-1593]
	at io.netty.channel.AbstractChannelHandlerContext.fireChannelRead(AbstractChannelHandlerContext.java:340) ~[patched_1.12.2.jar:git-Paper-1593]
	at io.netty.channel.DefaultChannelPipeline$HeadContext.channelRead(DefaultChannelPipeline.java:1434) ~[patched_1.12.2.jar:git-Paper-1593]
	at io.netty.channel.AbstractChannelHandlerContext.invokeChannelRead(AbstractChannelHandlerContext.java:362) ~[patched_1.12.2.jar:git-Paper-1593]
	at io.netty.channel.AbstractChannelHandlerContext.invokeChannelRead(AbstractChannelHandlerContext.java:348) ~[patched_1.12.2.jar:git-Paper-1593]
	at io.netty.channel.DefaultChannelPipeline.fireChannelRead(DefaultChannelPipeline.java:965) ~[patched_1.12.2.jar:git-Paper-1593]
	at io.netty.channel.epoll.AbstractEpollStreamChannel$EpollStreamUnsafe.epollInReady(AbstractEpollStreamChannel.java:808) ~[patched_1.12.2.jar:git-Paper-1593]
	at io.netty.channel.epoll.EpollEventLoop.processReady(EpollEventLoop.java:404) ~[patched_1.12.2.jar:git-Paper-1593]
	at io.netty.channel.epoll.EpollEventLoop.run(EpollEventLoop.java:304) ~[patched_1.12.2.jar:git-Paper-1593]
	at io.netty.util.concurrent.SingleThreadEventExecutor$5.run(SingleThreadEventExecutor.java:884) ~[patched_1.12.2.jar:git-Paper-1593]
	at java.lang.Thread.run(Thread.java:834) [?:?]
[17:58:30] [Netty Epoll Server IO #2/ERROR]: Parameters: 
  net.minecraft.server.v1_12_R1.PacketPlayInFlying$PacketPlayInPositionLook@168052e1[
    x=175.5
    y=68.0
    z=248.5
    yaw=2.9017186
    pitch=0.0
    f=false
    hasPos=true
    hasLook=true
  ]

[17:58:30] [Netty Epoll Server IO #2/ERROR]: [AACAdditionPro] Unhandled exception occured in onPacketReceiving(PacketEvent) for AACAdditionPro
java.lang.NoSuchMethodError: com.comphenix.protocol.events.PacketEvent.isPlayerTemporary()Z
	at de.photon.AACAdditionPro.c.onPacketReceiving(c.java:4) ~[?:?]
	at com.comphenix.protocol.injector.SortedPacketListenerList.invokeReceivingListener(SortedPacketListenerList.java:114) ~[?:?]
	at com.comphenix.protocol.injector.SortedPacketListenerList.invokePacketRecieving(SortedPacketListenerList.java:67) ~[?:?]
	at com.comphenix.protocol.injector.PacketFilterManager.handlePacket(PacketFilterManager.java:590) ~[?:?]
	at com.comphenix.protocol.injector.PacketFilterManager.invokePacketRecieving(PacketFilterManager.java:557) ~[?:?]
	at com.comphenix.protocol.injector.netty.ProtocolInjector.packetReceived(ProtocolInjector.java:352) ~[?:?]
	at com.comphenix.protocol.injector.netty.ProtocolInjector.onPacketReceiving(ProtocolInjector.java:317) ~[?:?]
	at com.comphenix.protocol.injector.netty.ChannelInjector.decode(ChannelInjector.java:531) ~[?:?]
	at io.netty.handler.codec.ByteToMessageDecoder.decodeRemovalReentryProtection(ByteToMessageDecoder.java:489) ~[patched_1.12.2.jar:git-Paper-1593]
	at io.netty.handler.codec.ByteToMessageDecoder.callDecode(ByteToMessageDecoder.java:428) ~[patched_1.12.2.jar:git-Paper-1593]
	at io.netty.handler.codec.ByteToMessageDecoder.channelRead(ByteToMessageDecoder.java:265) ~[patched_1.12.2.jar:git-Paper-1593]
	at io.netty.channel.AbstractChannelHandlerContext.invokeChannelRead(AbstractChannelHandlerContext.java:362) ~[patched_1.12.2.jar:git-Paper-1593]
	at io.netty.channel.AbstractChannelHandlerContext.invokeChannelRead(AbstractChannelHandlerContext.java:348) ~[patched_1.12.2.jar:git-Paper-1593]
	at io.netty.channel.AbstractChannelHandlerContext.fireChannelRead(AbstractChannelHandlerContext.java:340) ~[patched_1.12.2.jar:git-Paper-1593]
	at io.netty.handler.codec.ByteToMessageDecoder.fireChannelRead(ByteToMessageDecoder.java:310) ~[patched_1.12.2.jar:git-Paper-1593]
	at io.netty.handler.codec.ByteToMessageDecoder.channelRead(ByteToMessageDecoder.java:284) ~[patched_1.12.2.jar:git-Paper-1593]
	at io.netty.channel.AbstractChannelHandlerContext.invokeChannelRead(AbstractChannelHandlerContext.java:362) ~[patched_1.12.2.jar:git-Paper-1593]
	at io.netty.channel.AbstractChannelHandlerContext.invokeChannelRead(AbstractChannelHandlerContext.java:348) ~[patched_1.12.2.jar:git-Paper-1593]
	at io.netty.channel.AbstractChannelHandlerContext.fireChannelRead(AbstractChannelHandlerContext.java:340) ~[patched_1.12.2.jar:git-Paper-1593]
	at com.comphenix.protocol.injector.netty.ChannelInjector$4.channelRead(ChannelInjector.java:263) ~[?:?]
	at io.netty.channel.AbstractChannelHandlerContext.invokeChannelRead(AbstractChannelHandlerContext.java:362) ~[patched_1.12.2.jar:git-Paper-1593]
	at io.netty.channel.AbstractChannelHandlerContext.invokeChannelRead(AbstractChannelHandlerContext.java:348) ~[patched_1.12.2.jar:git-Paper-1593]
	at io.netty.channel.AbstractChannelHandlerContext.fireChannelRead(AbstractChannelHandlerContext.java:340) ~[patched_1.12.2.jar:git-Paper-1593]
	at io.netty.handler.codec.ByteToMessageDecoder.fireChannelRead(ByteToMessageDecoder.java:310) ~[patched_1.12.2.jar:git-Paper-1593]
	at io.netty.handler.codec.ByteToMessageDecoder.channelRead(ByteToMessageDecoder.java:284) ~[patched_1.12.2.jar:git-Paper-1593]
	at io.netty.channel.AbstractChannelHandlerContext.invokeChannelRead(AbstractChannelHandlerContext.java:362) ~[patched_1.12.2.jar:git-Paper-1593]
	at io.netty.channel.AbstractChannelHandlerContext.invokeChannelRead(AbstractChannelHandlerContext.java:348) ~[patched_1.12.2.jar:git-Paper-1593]
	at io.netty.channel.AbstractChannelHandlerContext.fireChannelRead(AbstractChannelHandlerContext.java:340) ~[patched_1.12.2.jar:git-Paper-1593]
	at io.netty.handler.codec.MessageToMessageDecoder.channelRead(MessageToMessageDecoder.java:102) ~[patched_1.12.2.jar:git-Paper-1593]
	at io.netty.channel.AbstractChannelHandlerContext.invokeChannelRead(AbstractChannelHandlerContext.java:362) ~[patched_1.12.2.jar:git-Paper-1593]
	at io.netty.channel.AbstractChannelHandlerContext.invokeChannelRead(AbstractChannelHandlerContext.java:348) ~[patched_1.12.2.jar:git-Paper-1593]
	at io.netty.channel.AbstractChannelHandlerContext.fireChannelRead(AbstractChannelHandlerContext.java:340) ~[patched_1.12.2.jar:git-Paper-1593]
	at io.netty.handler.timeout.IdleStateHandler.channelRead(IdleStateHandler.java:286) ~[patched_1.12.2.jar:git-Paper-1593]
	at io.netty.channel.AbstractChannelHandlerContext.invokeChannelRead(AbstractChannelHandlerContext.java:362) ~[patched_1.12.2.jar:git-Paper-1593]
	at io.netty.channel.AbstractChannelHandlerContext.invokeChannelRead(AbstractChannelHandlerContext.java:348) ~[patched_1.12.2.jar:git-Paper-1593]
	at io.netty.channel.AbstractChannelHandlerContext.fireChannelRead(AbstractChannelHandlerContext.java:340) ~[patched_1.12.2.jar:git-Paper-1593]
	at io.netty.channel.DefaultChannelPipeline$HeadContext.channelRead(DefaultChannelPipeline.java:1434) ~[patched_1.12.2.jar:git-Paper-1593]
	at io.netty.channel.AbstractChannelHandlerContext.invokeChannelRead(AbstractChannelHandlerContext.java:362) ~[patched_1.12.2.jar:git-Paper-1593]
	at io.netty.channel.AbstractChannelHandlerContext.invokeChannelRead(AbstractChannelHandlerContext.java:348) ~[patched_1.12.2.jar:git-Paper-1593]
	at io.netty.channel.DefaultChannelPipeline.fireChannelRead(DefaultChannelPipeline.java:965) ~[patched_1.12.2.jar:git-Paper-1593]
	at io.netty.channel.epoll.AbstractEpollStreamChannel$EpollStreamUnsafe.epollInReady(AbstractEpollStreamChannel.java:808) ~[patched_1.12.2.jar:git-Paper-1593]
	at io.netty.channel.epoll.EpollEventLoop.processReady(EpollEventLoop.java:404) ~[patched_1.12.2.jar:git-Paper-1593]
	at io.netty.channel.epoll.EpollEventLoop.run(EpollEventLoop.java:304) ~[patched_1.12.2.jar:git-Paper-1593]
	at io.netty.util.concurrent.SingleThreadEventExecutor$5.run(SingleThreadEventExecutor.java:884) ~[patched_1.12.2.jar:git-Paper-1593]
	at java.lang.Thread.run(Thread.java:834) [?:?]
[17:58:30] [Netty Epoll Server IO #2/ERROR]: Parameters: 
  net.minecraft.server.v1_12_R1.PacketPlayInFlying$PacketPlayInPositionLook@7207a82[
    x=171.5
    y=64.0
    z=254.5
    yaw=0.0
    pitch=0.0
    f=false
    hasPos=true
    hasLook=true
  ]

[17:58:30] [Netty Epoll Server IO #2/ERROR]: [AACAdditionPro] Unhandled exception occured in onPacketReceiving(PacketEvent) for AACAdditionPro
java.lang.NoSuchMethodError: com.comphenix.protocol.events.PacketEvent.isPlayerTemporary()Z
	at de.photon.AACAdditionPro.c.onPacketReceiving(c.java:4) ~[?:?]
	at com.comphenix.protocol.injector.SortedPacketListenerList.invokeReceivingListener(SortedPacketListenerList.java:114) ~[?:?]
	at com.comphenix.protocol.injector.SortedPacketListenerList.invokePacketRecieving(SortedPacketListenerList.java:67) ~[?:?]
	at com.comphenix.protocol.injector.PacketFilterManager.handlePacket(PacketFilterManager.java:590) ~[?:?]
	at com.comphenix.protocol.injector.PacketFilterManager.invokePacketRecieving(PacketFilterManager.java:557) ~[?:?]
	at com.comphenix.protocol.injector.netty.ProtocolInjector.packetReceived(ProtocolInjector.java:352) ~[?:?]
	at com.comphenix.protocol.injector.netty.ProtocolInjector.onPacketReceiving(ProtocolInjector.java:317) ~[?:?]
	at com.comphenix.protocol.injector.netty.ChannelInjector.decode(ChannelInjector.java:531) ~[?:?]
	at io.netty.handler.codec.ByteToMessageDecoder.decodeRemovalReentryProtection(ByteToMessageDecoder.java:489) ~[patched_1.12.2.jar:git-Paper-1593]
	at io.netty.handler.codec.ByteToMessageDecoder.callDecode(ByteToMessageDecoder.java:428) ~[patched_1.12.2.jar:git-Paper-1593]
	at io.netty.handler.codec.ByteToMessageDecoder.channelRead(ByteToMessageDecoder.java:265) ~[patched_1.12.2.jar:git-Paper-1593]
	at io.netty.channel.AbstractChannelHandlerContext.invokeChannelRead(AbstractChannelHandlerContext.java:362) ~[patched_1.12.2.jar:git-Paper-1593]
	at io.netty.channel.AbstractChannelHandlerContext.invokeChannelRead(AbstractChannelHandlerContext.java:348) ~[patched_1.12.2.jar:git-Paper-1593]
	at io.netty.channel.AbstractChannelHandlerContext.fireChannelRead(AbstractChannelHandlerContext.java:340) ~[patched_1.12.2.jar:git-Paper-1593]
	at io.netty.handler.codec.ByteToMessageDecoder.fireChannelRead(ByteToMessageDecoder.java:310) ~[patched_1.12.2.jar:git-Paper-1593]
	at io.netty.handler.codec.ByteToMessageDecoder.channelRead(ByteToMessageDecoder.java:284) ~[patched_1.12.2.jar:git-Paper-1593]
	at io.netty.channel.AbstractChannelHandlerContext.invokeChannelRead(AbstractChannelHandlerContext.java:362) ~[patched_1.12.2.jar:git-Paper-1593]
	at io.netty.channel.AbstractChannelHandlerContext.invokeChannelRead(AbstractChannelHandlerContext.java:348) ~[patched_1.12.2.jar:git-Paper-1593]
	at io.netty.channel.AbstractChannelHandlerContext.fireChannelRead(AbstractChannelHandlerContext.java:340) ~[patched_1.12.2.jar:git-Paper-1593]
	at com.comphenix.protocol.injector.netty.ChannelInjector$4.channelRead(ChannelInjector.java:263) ~[?:?]
	at io.netty.channel.AbstractChannelHandlerContext.invokeChannelRead(AbstractChannelHandlerContext.java:362) ~[patched_1.12.2.jar:git-Paper-1593]
	at io.netty.channel.AbstractChannelHandlerContext.invokeChannelRead(AbstractChannelHandlerContext.java:348) ~[patched_1.12.2.jar:git-Paper-1593]
	at io.netty.channel.AbstractChannelHandlerContext.fireChannelRead(AbstractChannelHandlerContext.java:340) ~[patched_1.12.2.jar:git-Paper-1593]
	at io.netty.handler.codec.ByteToMessageDecoder.fireChannelRead(ByteToMessageDecoder.java:310) ~[patched_1.12.2.jar:git-Paper-1593]
	at io.netty.handler.codec.ByteToMessageDecoder.channelRead(ByteToMessageDecoder.java:284) ~[patched_1.12.2.jar:git-Paper-1593]
	at io.netty.channel.AbstractChannelHandlerContext.invokeChannelRead(AbstractChannelHandlerContext.java:362) ~[patched_1.12.2.jar:git-Paper-1593]
	at io.netty.channel.AbstractChannelHandlerContext.invokeChannelRead(AbstractChannelHandlerContext.java:348) ~[patched_1.12.2.jar:git-Paper-1593]
	at io.netty.channel.AbstractChannelHandlerContext.fireChannelRead(AbstractChannelHandlerContext.java:340) ~[patched_1.12.2.jar:git-Paper-1593]
	at io.netty.handler.codec.MessageToMessageDecoder.channelRead(MessageToMessageDecoder.java:102) ~[patched_1.12.2.jar:git-Paper-1593]
	at io.netty.channel.AbstractChannelHandlerContext.invokeChannelRead(AbstractChannelHandlerContext.java:362) ~[patched_1.12.2.jar:git-Paper-1593]
	at io.netty.channel.AbstractChannelHandlerContext.invokeChannelRead(AbstractChannelHandlerContext.java:348) ~[patched_1.12.2.jar:git-Paper-1593]
	at io.netty.channel.AbstractChannelHandlerContext.fireChannelRead(AbstractChannelHandlerContext.java:340) ~[patched_1.12.2.jar:git-Paper-1593]
	at io.netty.handler.timeout.IdleStateHandler.channelRead(IdleStateHandler.java:286) ~[patched_1.12.2.jar:git-Paper-1593]
	at io.netty.channel.AbstractChannelHandlerContext.invokeChannelRead(AbstractChannelHandlerContext.java:362) ~[patched_1.12.2.jar:git-Paper-1593]
	at io.netty.channel.AbstractChannelHandlerContext.invokeChannelRead(AbstractChannelHandlerContext.java:348) ~[patched_1.12.2.jar:git-Paper-1593]
	at io.netty.channel.AbstractChannelHandlerContext.fireChannelRead(AbstractChannelHandlerContext.java:340) ~[patched_1.12.2.jar:git-Paper-1593]
	at io.netty.channel.DefaultChannelPipeline$HeadContext.channelRead(DefaultChannelPipeline.java:1434) ~[patched_1.12.2.jar:git-Paper-1593]
	at io.netty.channel.AbstractChannelHandlerContext.invokeChannelRead(AbstractChannelHandlerContext.java:362) ~[patched_1.12.2.jar:git-Paper-1593]
	at io.netty.channel.AbstractChannelHandlerContext.invokeChannelRead(AbstractChannelHandlerContext.java:348) ~[patched_1.12.2.jar:git-Paper-1593]
	at io.netty.channel.DefaultChannelPipeline.fireChannelRead(DefaultChannelPipeline.java:965) ~[patched_1.12.2.jar:git-Paper-1593]
	at io.netty.channel.epoll.AbstractEpollStreamChannel$EpollStreamUnsafe.epollInReady(AbstractEpollStreamChannel.java:808) ~[patched_1.12.2.jar:git-Paper-1593]
	at io.netty.channel.epoll.EpollEventLoop.processReady(EpollEventLoop.java:404) ~[patched_1.12.2.jar:git-Paper-1593]
	at io.netty.channel.epoll.EpollEventLoop.run(EpollEventLoop.java:304) ~[patched_1.12.2.jar:git-Paper-1593]
	at io.netty.util.concurrent.SingleThreadEventExecutor$5.run(SingleThreadEventExecutor.java:884) ~[patched_1.12.2.jar:git-Paper-1593]
	at java.lang.Thread.run(Thread.java:834) [?:?]
[17:58:30] [Netty Epoll Server IO #2/ERROR]: Parameters: 
  net.minecraft.server.v1_12_R1.PacketPlayInFlying$PacketPlayInPositionLook@13a327dd[
    x=171.5
    y=64.0
    z=254.5
    yaw=0.0
    pitch=0.0
    f=false
    hasPos=true
    hasLook=true
  ]

[17:58:30] [Netty Epoll Server IO #2/ERROR]: [AACAdditionPro] Unhandled exception occured in onPacketReceiving(PacketEvent) for AACAdditionPro
java.lang.NoSuchMethodError: com.comphenix.protocol.events.PacketEvent.isPlayerTemporary()Z
	at de.photon.AACAdditionPro.c.onPacketReceiving(c.java:4) ~[?:?]
	at com.comphenix.protocol.injector.SortedPacketListenerList.invokeReceivingListener(SortedPacketListenerList.java:114) ~[?:?]
	at com.comphenix.protocol.injector.SortedPacketListenerList.invokePacketRecieving(SortedPacketListenerList.java:67) ~[?:?]
	at com.comphenix.protocol.injector.PacketFilterManager.handlePacket(PacketFilterManager.java:590) ~[?:?]
	at com.comphenix.protocol.injector.PacketFilterManager.invokePacketRecieving(PacketFilterManager.java:557) ~[?:?]
	at com.comphenix.protocol.injector.netty.ProtocolInjector.packetReceived(ProtocolInjector.java:352) ~[?:?]
	at com.comphenix.protocol.injector.netty.ProtocolInjector.onPacketReceiving(ProtocolInjector.java:317) ~[?:?]
	at com.comphenix.protocol.injector.netty.ChannelInjector.decode(ChannelInjector.java:531) ~[?:?]
	at io.netty.handler.codec.ByteToMessageDecoder.decodeRemovalReentryProtection(ByteToMessageDecoder.java:489) ~[patched_1.12.2.jar:git-Paper-1593]
	at io.netty.handler.codec.ByteToMessageDecoder.callDecode(ByteToMessageDecoder.java:428) ~[patched_1.12.2.jar:git-Paper-1593]
	at io.netty.handler.codec.ByteToMessageDecoder.channelRead(ByteToMessageDecoder.java:265) ~[patched_1.12.2.jar:git-Paper-1593]
	at io.netty.channel.AbstractChannelHandlerContext.invokeChannelRead(AbstractChannelHandlerContext.java:362) ~[patched_1.12.2.jar:git-Paper-1593]
	at io.netty.channel.AbstractChannelHandlerContext.invokeChannelRead(AbstractChannelHandlerContext.java:348) ~[patched_1.12.2.jar:git-Paper-1593]
	at io.netty.channel.AbstractChannelHandlerContext.fireChannelRead(AbstractChannelHandlerContext.java:340) ~[patched_1.12.2.jar:git-Paper-1593]
	at io.netty.handler.codec.ByteToMessageDecoder.fireChannelRead(ByteToMessageDecoder.java:310) ~[patched_1.12.2.jar:git-Paper-1593]
	at io.netty.handler.codec.ByteToMessageDecoder.channelRead(ByteToMessageDecoder.java:284) ~[patched_1.12.2.jar:git-Paper-1593]
	at io.netty.channel.AbstractChannelHandlerContext.invokeChannelRead(AbstractChannelHandlerContext.java:362) ~[patched_1.12.2.jar:git-Paper-1593]
	at io.netty.channel.AbstractChannelHandlerContext.invokeChannelRead(AbstractChannelHandlerContext.java:348) ~[patched_1.12.2.jar:git-Paper-1593]
	at io.netty.channel.AbstractChannelHandlerContext.fireChannelRead(AbstractChannelHandlerContext.java:340) ~[patched_1.12.2.jar:git-Paper-1593]
	at com.comphenix.protocol.injector.netty.ChannelInjector$4.channelRead(ChannelInjector.java:263) ~[?:?]
	at io.netty.channel.AbstractChannelHandlerContext.invokeChannelRead(AbstractChannelHandlerContext.java:362) ~[patched_1.12.2.jar:git-Paper-1593]
	at io.netty.channel.AbstractChannelHandlerContext.invokeChannelRead(AbstractChannelHandlerContext.java:348) ~[patched_1.12.2.jar:git-Paper-1593]
	at io.netty.channel.AbstractChannelHandlerContext.fireChannelRead(AbstractChannelHandlerContext.java:340) ~[patched_1.12.2.jar:git-Paper-1593]
	at io.netty.handler.codec.ByteToMessageDecoder.fireChannelRead(ByteToMessageDecoder.java:310) ~[patched_1.12.2.jar:git-Paper-1593]
	at io.netty.handler.codec.ByteToMessageDecoder.channelRead(ByteToMessageDecoder.java:284) ~[patched_1.12.2.jar:git-Paper-1593]
	at io.netty.channel.AbstractChannelHandlerContext.invokeChannelRead(AbstractChannelHandlerContext.java:362) ~[patched_1.12.2.jar:git-Paper-1593]
	at io.netty.channel.AbstractChannelHandlerContext.invokeChannelRead(AbstractChannelHandlerContext.java:348) ~[patched_1.12.2.jar:git-Paper-1593]
	at io.netty.channel.AbstractChannelHandlerContext.fireChannelRead(AbstractChannelHandlerContext.java:340) ~[patched_1.12.2.jar:git-Paper-1593]
	at io.netty.handler.codec.MessageToMessageDecoder.channelRead(MessageToMessageDecoder.java:102) ~[patched_1.12.2.jar:git-Paper-1593]
	at io.netty.channel.AbstractChannelHandlerContext.invokeChannelRead(AbstractChannelHandlerContext.java:362) ~[patched_1.12.2.jar:git-Paper-1593]
	at io.netty.channel.AbstractChannelHandlerContext.invokeChannelRead(AbstractChannelHandlerContext.java:348) ~[patched_1.12.2.jar:git-Paper-1593]
	at io.netty.channel.AbstractChannelHandlerContext.fireChannelRead(AbstractChannelHandlerContext.java:340) ~[patched_1.12.2.jar:git-Paper-1593]
	at io.netty.handler.timeout.IdleStateHandler.channelRead(IdleStateHandler.java:286) ~[patched_1.12.2.jar:git-Paper-1593]
	at io.netty.channel.AbstractChannelHandlerContext.invokeChannelRead(AbstractChannelHandlerContext.java:362) ~[patched_1.12.2.jar:git-Paper-1593]
	at io.netty.channel.AbstractChannelHandlerContext.invokeChannelRead(AbstractChannelHandlerContext.java:348) ~[patched_1.12.2.jar:git-Paper-1593]
	at io.netty.channel.AbstractChannelHandlerContext.fireChannelRead(AbstractChannelHandlerContext.java:340) ~[patched_1.12.2.jar:git-Paper-1593]
	at io.netty.channel.DefaultChannelPipeline$HeadContext.channelRead(DefaultChannelPipeline.java:1434) ~[patched_1.12.2.jar:git-Paper-1593]
	at io.netty.channel.AbstractChannelHandlerContext.invokeChannelRead(AbstractChannelHandlerContext.java:362) ~[patched_1.12.2.jar:git-Paper-1593]
	at io.netty.channel.AbstractChannelHandlerContext.invokeChannelRead(AbstractChannelHandlerContext.java:348) ~[patched_1.12.2.jar:git-Paper-1593]
	at io.netty.channel.DefaultChannelPipeline.fireChannelRead(DefaultChannelPipeline.java:965) ~[patched_1.12.2.jar:git-Paper-1593]
	at io.netty.channel.epoll.AbstractEpollStreamChannel$EpollStreamUnsafe.epollInReady(AbstractEpollStreamChannel.java:808) ~[patched_1.12.2.jar:git-Paper-1593]
	at io.netty.channel.epoll.EpollEventLoop.processReady(EpollEventLoop.java:404) ~[patched_1.12.2.jar:git-Paper-1593]
	at io.netty.channel.epoll.EpollEventLoop.run(EpollEventLoop.java:304) ~[patched_1.12.2.jar:git-Paper-1593]
	at io.netty.util.concurrent.SingleThreadEventExecutor$5.run(SingleThreadEventExecutor.java:884) ~[patched_1.12.2.jar:git-Paper-1593]
	at java.lang.Thread.run(Thread.java:834) [?:?]
[17:58:30] [Netty Epoll Server IO #2/ERROR]: Parameters: 
  net.minecraft.server.v1_12_R1.PacketPlayInFlying$PacketPlayInPosition@5cfb6ed1[
    x=171.5
    y=64.0
    z=254.5
    yaw=0.0
    pitch=0.0
    f=true
    hasPos=true
    hasLook=false
  ]

[17:58:30] [Craft Scheduler Thread - 1/ERROR]: Could not pass event PlayerTeleportEvent to AAC v3.5.0
org.bukkit.event.EventException: null
	at org.bukkit.plugin.EventExecutor$2.execute(EventExecutor.java:72) ~[patched_1.12.2.jar:git-Paper-1593]
	at co.aikar.timings.TimedEventExecutor.execute(TimedEventExecutor.java:74) ~[patched_1.12.2.jar:git-Paper-1593]
	at org.bukkit.plugin.RegisteredListener.callEvent(RegisteredListener.java:62) ~[patched_1.12.2.jar:git-Paper-1593]
	at org.bukkit.plugin.SimplePluginManager.callEvent(SimplePluginManager.java:513) ~[patched_1.12.2.jar:git-Paper-1593]
	at org.bukkit.craftbukkit.v1_12_R1.entity.CraftPlayer.teleport(CraftPlayer.java:627) ~[patched_1.12.2.jar:git-Paper-1593]
	at org.bukkit.craftbukkit.v1_12_R1.entity.CraftEntity.teleport(CraftEntity.java:310) ~[patched_1.12.2.jar:git-Paper-1593]
	at TAKA.ꛢꚲꛇꚠꚤꛤꚢꚿꛚꛑꛏꛃꚫꛑꚣꚯꛍꚫꚫꛨꚭꛌꛪꛭꚪꚼꚰꛧꛪꛖꚻꛏꚰꛝꚼꚠꛎꛃꚹꛋꛉꚸꚳꛃꛚꚣꛃꛆꚠꚡꛔꛍꛝꚵꛕꚽꛮꚹꚠꚿꛥꚹꚣꛜꚣꚪꛪꚥꛓꛠꛇꛣꛕꚬꛫꚴꛃꛪꛝꚳꚧꛒꛈꚲꛆꚴꛧꚡꚦꛛꛯꛋꛎꛡꚱꚪꚵꛕꚧꛯꛡꚭꛋꛥꚣꚰꚵꛕꚣꛒꚸꛭꛪꛏꛅꛊꛢꛌꛞꚠꛋꚪꛟꚵꚫꚴꛇꛫꚾꚣꛢꚭꛄꚲꛗꛉꛟꚵꛅꚥꛎꛢꚾꛇꛬꚥꛨꛕꚫꚠꚳꚤꛖꚯꛈꚪꛭꚷꛁꚡꛕꛮꛁꛛꛡꛭꛫꚳꚶꚹꛤꚪꛫꛗꚵꚩꛣꚦꚼꛩꛡꛉꛈꚴꛆꛅꚣꚫꛣꚡꛒꛯꛛꛃꛌꛍꚡꚧꛖꛇꚶꛫꛥꚧꛅꛓꚢꚠꛥꛎꚿꚱꛭꛬꚫꛁꛢꛘꛦꛡꛖꛢꛄꛯꛇꛏꛉꛘꛡꛄꛐꛎꚣꛡꛀꚫꚫꚶꛮꛔꚯꚲꛑꛎꛯꚺꚩꛆꛚꚻꚨꛯꛐꚰꛤꛥꚲꚡꛆꚡꛆꛙꚸꚵꚾꛞꛬꛋꛨꛞꚢꛆꚵꚯꛝꚤꛆꛍꚡꛜꚼꚧꛭꚫꛗꚰꛋꛊꛔꚩꚰꛣꛜꚿꛃꛫꚦꛔꛐꛉꛠꚦꚦꛗꛋꛧꚭꛧꚰꚠꚷꚴꛄꛞꚷꚾꛭꚾꚿꚨꛟꛬꚨꛋꚾꛗꛍꛞꚼꛘꛤꚩꛛꛏꛍꛮꚷꛞꚼꚻꛕꛉꚿꚾꚷꛝꛮꛜꚻꚮꚣꛨꚧꚸꚫꚻꛡꛪꛈꚽꚪꛕꛤꚡꚫꛏꚶꛥꚿꛦꛗꛎꛘꛉꛩꚸꛥꛔꚥꚣꛥꛇ.run(al.java) ~[?:?]
	at org.bukkit.craftbukkit.v1_12_R1.scheduler.CraftTask.run(CraftTask.java:63) ~[patched_1.12.2.jar:git-Paper-1593]
	at org.bukkit.craftbukkit.v1_12_R1.scheduler.CraftAsyncTask.run(CraftAsyncTask.java:52) ~[patched_1.12.2.jar:git-Paper-1593]
	at com.destroystokyo.paper.ServerSchedulerReportingWrapper.run(ServerSchedulerReportingWrapper.java:22) ~[patched_1.12.2.jar:git-Paper-1593]
	at java.util.concurrent.ThreadPoolExecutor.runWorker(ThreadPoolExecutor.java:1128) [?:?]
	at java.util.concurrent.ThreadPoolExecutor$Worker.run(ThreadPoolExecutor.java:628) [?:?]
	at java.lang.Thread.run(Thread.java:834) [?:?]
Caused by: java.lang.IllegalStateException: Must be called from the main thread
	at me.konsolas.aac.aY.a(aY.java:3) ~[?:?]
	at me.konsolas.aac.cK.a(cK.java:6) ~[?:?]
	at me.konsolas.aac.aY.a(aY.java:120) ~[?:?]
	at me.konsolas.aac.aY.a(aY.java:46) ~[?:?]
	at me.konsolas.aac.cr.a(cr.java:100) ~[?:?]
	at com.destroystokyo.paper.event.executor.asm.generated.GeneratedEventExecutor226.execute(Unknown Source) ~[?:?]
	at org.bukkit.plugin.EventExecutor$2.execute(EventExecutor.java:70) ~[patched_1.12.2.jar:git-Paper-1593]
	... 12 more
[17:58:30] [Netty Epoll Server IO #2/ERROR]: [AACAdditionPro] Unhandled exception occured in onPacketReceiving(PacketEvent) for AACAdditionPro
java.lang.NoSuchMethodError: com.comphenix.protocol.events.PacketEvent.isPlayerTemporary()Z
	at de.photon.AACAdditionPro.c.onPacketReceiving(c.java:4) ~[?:?]
	at com.comphenix.protocol.injector.SortedPacketListenerList.invokeReceivingListener(SortedPacketListenerList.java:114) ~[?:?]
	at com.comphenix.protocol.injector.SortedPacketListenerList.invokePacketRecieving(SortedPacketListenerList.java:67) ~[?:?]
	at com.comphenix.protocol.injector.PacketFilterManager.handlePacket(PacketFilterManager.java:590) ~[?:?]
	at com.comphenix.protocol.injector.PacketFilterManager.invokePacketRecieving(PacketFilterManager.java:557) ~[?:?]
	at com.comphenix.protocol.injector.netty.ProtocolInjector.packetReceived(ProtocolInjector.java:352) ~[?:?]
	at com.comphenix.protocol.injector.netty.ProtocolInjector.onPacketReceiving(ProtocolInjector.java:317) ~[?:?]
	at com.comphenix.protocol.injector.netty.ChannelInjector.decode(ChannelInjector.java:531) ~[?:?]
	at io.netty.handler.codec.ByteToMessageDecoder.decodeRemovalReentryProtection(ByteToMessageDecoder.java:489) ~[patched_1.12.2.jar:git-Paper-1593]
	at io.netty.handler.codec.ByteToMessageDecoder.callDecode(ByteToMessageDecoder.java:428) ~[patched_1.12.2.jar:git-Paper-1593]
	at io.netty.handler.codec.ByteToMessageDecoder.channelRead(ByteToMessageDecoder.java:265) ~[patched_1.12.2.jar:git-Paper-1593]

[17:58:40] [Server thread/INFO]: CONSOLE issued server command: /kick emeraldtnt &4&lGWEN&c: You are using hacks!!
[17:58:40] [Server thread/INFO]: emeraldtnt lost connection: GWEN: You are using hacks!!
[17:58:40] [Server thread/INFO]: emeraldtnt left the game
[17:58:40] [Server thread/INFO]: Player Console kicked emeraldtnt for GWEN: You are using hacks!!.
[17:58:40] [Server thread/WARN]: handleDisconnection() called twice
[17:58:58] [Server thread/INFO]: Stopping the server
[17:58:58] [Server thread/INFO]: Stopping server
[17:58:58] [Server thread/INFO]: [Crucial] Disabling Crucial v1.5.7
[17:58:58] [Server thread/INFO]: Crucial > Crucial has been disabled !
[17:58:58] [Server thread/INFO]: [AntiAura] Disabling AntiAura v11.41
[17:58:58] [Server thread/INFO]: Please ignore any errors here - They are harmless and are almost unfixable.
[17:58:58] [Server thread/INFO]: [AACAdditionPro] Disabling AACAdditionPro v4.5.0
[17:58:58] [Server thread/INFO]: [AACAdditionPro] AACAdditionPro disabled.
[17:58:58] [Server thread/INFO]: [AACAdditionPro]  
[17:58:58] [Server thread/INFO]: [TakaAntiCheat] Disabling TakaAntiCheat v3.1.1
[17:58:58] [Server thread/INFO]: [PAC] Disabling PAC v1.3.0
[17:58:58] [Server thread/INFO]: [DakataAntiCheat] Disabling DakataAntiCheat vBETA 2.0
[17:58:59] [Server thread/INFO]: [AAC] Disabling AAC v3.5.0
[17:58:59] [Server thread/INFO]: [AAC] Disabling checks...
[17:58:59] [Server thread/INFO]: [AAC] Saving log file...
[17:58:59] [Server thread/INFO]: [ProtocolLib] Disabling ProtocolLib v4.3.0
[17:58:59] [Server thread/INFO]: [EssentialsSpawn] Disabling EssentialsSpawn vTeamCity
[17:58:59] [Server thread/INFO]: [BanWaves] Disabling BanWaves v1.0-Stable
[17:58:59] [Server thread/INFO]: [BanAnimations] Disabling BanAnimations v2.1.0
[17:58:59] [Server thread/INFO]: BanAnimations has been disabled!
[17:58:59] [Server thread/INFO]: [PlugMan] Disabling PlugMan v2.1.5
[17:58:59] [Server thread/INFO]: [Autoeye] Disabling Autoeye v0.69A
[17:58:59] [Server thread/INFO]: [EssentialsChat] Disabling EssentialsChat vTeamCity
[17:58:59] [Server thread/INFO]: [EssentialsGeoIP] Disabling EssentialsGeoIP vTeamCity
[17:58:59] [Server thread/INFO]: [EssentialsProtect] Disabling EssentialsProtect vTeamCity
[17:58:59] [Server thread/INFO]: [Essentials] Disabling Essentials vTeamCity
[17:58:59] [Server thread/INFO]: Saving players
[17:58:59] [Server thread/INFO]: Saving worlds
[17:58:59] [Server thread/INFO]: Saving chunks for level 'world'/overworld
[17:58:59] [Server thread/INFO]: Saving chunks for level 'world_nether'/the_nether
[17:58:59] [Server thread/INFO]: Saving chunks for level 'world_the_end'/the_end
