[17-03-2018 10:45:38.732] (CheckManager) Enabled check chat.Spam
[17-03-2018 10:45:38.739] (CheckManager) Enabled check combat.Hitbox
[17-03-2018 10:45:38.743] (CheckManager) Enabled check combat.Fastbow
[17-03-2018 10:45:38.748] (CheckManager) Enabled check combat.FightSpeed
[17-03-2018 10:45:38.749] (CheckManager) Enabled check combat.Regen
[17-03-2018 10:45:38.751] (CheckManager) Enabled check combat.FastUse
[17-03-2018 10:45:38.758] (CheckManager) Enabled check combat.Killaura
[17-03-2018 10:45:38.778] (CheckManager) Enabled check combat.Heuristics
[17-03-2018 10:45:38.784] (CheckManager) Enabled check movement.BadPackets
[17-03-2018 10:45:38.795] (CheckManager) Enabled check movement.Speed
[17-03-2018 10:45:38.800] (CheckManager) Enabled check movement.Phase
[17-03-2018 10:45:38.819] (CheckManager) Enabled check movement.Fly
[17-03-2018 10:45:38.823] (CheckManager) Enabled check movement.NoFall
[17-03-2018 10:45:38.828] (CheckManager) Enabled check movement.Jesus
[17-03-2018 10:45:38.834] (CheckManager) Enabled check movement.Derp
[17-03-2018 10:45:38.834] (CheckManager) Enabled check combat.Criticals
[17-03-2018 10:45:38.857] (CheckManager) Enabled check world.FastBreak
[17-03-2018 10:45:38.860] (CheckManager) Enabled check world.FastPlace
[17-03-2018 10:45:38.863] (CheckManager) Enabled check world.Nuker
[17-03-2018 10:45:38.869] (CheckManager) Enabled check world.NoSwing
[17-03-2018 10:45:38.874] (CheckManager) Enabled check world.Interact
[17-03-2018 10:45:38.879] (CheckManager) Enabled check world.Velocity
[17-03-2018 10:45:38.889] (CheckManager) Enabled check MovementManager
[17-03-2018 10:45:38.898] AAC has been enabled
[17-03-2018 10:46:56.407] (TPSManager) TPS dropped to 18.099547511312217
[17-03-2018 10:46:57.058] (TPSManager) TPS dropped to 18.13236627379873
[17-03-2018 10:49:06.609] (TPSManager) TPS dropped to 18.248175182481752
[17-03-2018 10:49:07.261] (TPSManager) TPS dropped to 18.39926402943882
[17-03-2018 10:49:08.738] (TPSManager) TPS dropped to 17.97752808988764
[17-03-2018 10:49:09.459] (TPSManager) TPS dropped to 18.066847335140018
[17-03-2018 10:49:10.109] (TPSManager) TPS dropped to 18.058690744920995
[17-03-2018 10:49:23.345] (TPSManager) TPS dropped to 18.034265103697024
[17-03-2018 10:49:23.995] (TPSManager) TPS dropped to 18.140589569160998
