[17-03-2018 10:49:50.270] (CheckManager) Enabled check chat.Spam
[17-03-2018 10:49:50.275] (CheckManager) Enabled check combat.Hitbox
[17-03-2018 10:49:50.281] (CheckManager) Enabled check combat.Fastbow
[17-03-2018 10:49:50.283] (CheckManager) Enabled check combat.FightSpeed
[17-03-2018 10:49:50.285] (CheckManager) Enabled check combat.Regen
[17-03-2018 10:49:50.291] (CheckManager) Enabled check combat.FastUse
[17-03-2018 10:49:50.298] (CheckManager) Enabled check combat.Killaura
[17-03-2018 10:49:50.319] (CheckManager) Enabled check combat.Heuristics
[17-03-2018 10:49:50.326] (CheckManager) Enabled check movement.BadPackets
[17-03-2018 10:49:50.338] (CheckManager) Enabled check movement.Speed
[17-03-2018 10:49:50.343] (CheckManager) Enabled check movement.Phase
[17-03-2018 10:49:50.365] (CheckManager) Enabled check movement.Fly
[17-03-2018 10:49:50.371] (CheckManager) Enabled check movement.NoFall
[17-03-2018 10:49:50.382] (CheckManager) Enabled check movement.Jesus
[17-03-2018 10:49:50.382] (CheckManager) Enabled check movement.Derp
[17-03-2018 10:49:50.382] (CheckManager) Enabled check combat.Criticals
[17-03-2018 10:49:50.395] (CheckManager) Enabled check world.FastBreak
[17-03-2018 10:49:50.402] (CheckManager) Enabled check world.FastPlace
[17-03-2018 10:49:50.402] (CheckManager) Enabled check world.Nuker
[17-03-2018 10:49:50.410] (CheckManager) Enabled check world.NoSwing
[17-03-2018 10:49:50.414] (CheckManager) Enabled check world.Interact
[17-03-2018 10:49:50.427] (CheckManager) Enabled check world.Velocity
[17-03-2018 10:49:50.439] (CheckManager) Enabled check MovementManager
[17-03-2018 10:49:50.455] AAC has been enabled
[17-03-2018 10:50:22.744] (TPSManager) TPS dropped to 18.424689083371717
[17-03-2018 10:50:26.881] (TPSManager) TPS dropped to 17.857142857142858
[17-03-2018 10:50:27.576] (TPSManager) TPS dropped to 17.88109074653554
[17-03-2018 10:50:28.234] (TPSManager) TPS dropped to 17.937219730941703
