[17-03-2018 10:39:06.054] (CheckManager) Enabled check chat.Spam
[17-03-2018 10:39:06.060] (CheckManager) Enabled check combat.Hitbox
[17-03-2018 10:39:06.064] (CheckManager) Enabled check combat.Fastbow
[17-03-2018 10:39:06.068] (CheckManager) Enabled check combat.FightSpeed
[17-03-2018 10:39:06.070] (CheckManager) Enabled check combat.Regen
[17-03-2018 10:39:06.072] (CheckManager) Enabled check combat.FastUse
[17-03-2018 10:39:06.080] (CheckManager) Enabled check combat.Killaura
[17-03-2018 10:39:06.104] (CheckManager) Enabled check combat.Heuristics
[17-03-2018 10:39:06.111] (CheckManager) Enabled check movement.BadPackets
[17-03-2018 10:39:06.123] (CheckManager) Enabled check movement.Speed
[17-03-2018 10:39:06.142] (CheckManager) Enabled check movement.Phase
[17-03-2018 10:39:06.169] (CheckManager) Enabled check movement.Fly
[17-03-2018 10:39:06.177] (CheckManager) Enabled check movement.NoFall
[17-03-2018 10:39:06.187] (CheckManager) Enabled check movement.Jesus
[17-03-2018 10:39:06.191] (CheckManager) Enabled check movement.Derp
[17-03-2018 10:39:06.200] (CheckManager) Enabled check combat.Criticals
[17-03-2018 10:39:06.211] (CheckManager) Enabled check world.FastBreak
[17-03-2018 10:39:06.214] (CheckManager) Enabled check world.FastPlace
[17-03-2018 10:39:06.217] (CheckManager) Enabled check world.Nuker
[17-03-2018 10:39:06.228] (CheckManager) Enabled check world.NoSwing
[17-03-2018 10:39:06.233] (CheckManager) Enabled check world.Interact
[17-03-2018 10:39:06.245] (CheckManager) Enabled check world.Velocity
[17-03-2018 10:39:06.266] (CheckManager) Enabled check MovementManager
[17-03-2018 10:39:06.280] AAC has been enabled
