[08-12-2018 17:43:50.615] (CheckManager) Enabled check chat.Spam
[08-12-2018 17:43:50.678] (CheckManager) Enabled check combat.Hitbox
[08-12-2018 17:43:50.683] (CheckManager) Enabled check combat.Fastbow
[08-12-2018 17:43:50.690] (CheckManager) Enabled check combat.FightSpeed
[08-12-2018 17:43:50.696] (CheckManager) Enabled check combat.Regen
[08-12-2018 17:43:50.698] (CheckManager) Enabled check combat.FastUse
[08-12-2018 17:43:50.775] (CheckManager) Enabled check combat.Killaura
[08-12-2018 17:43:50.810] (CheckManager) Enabled check movement.Speed
[08-12-2018 17:43:50.813] (CheckManager) Enabled check movement.Phase
[08-12-2018 17:43:50.831] (CheckManager) Enabled check movement.Fly
[08-12-2018 17:43:50.835] (CheckManager) Enabled check movement.Vehicles
[08-12-2018 17:43:50.853] (CheckManager) Enabled check movement.Elytra
[08-12-2018 17:43:50.859] (CheckManager) Enabled check movement.NoFall
[08-12-2018 17:43:50.863] (CheckManager) Enabled check movement.Jesus
[08-12-2018 17:43:50.867] (CheckManager) Enabled check movement.Derp
[08-12-2018 17:43:50.870] (CheckManager) Enabled check combat.Criticals
[08-12-2018 17:43:50.935] (CheckManager) Enabled check world.FastBreak
[08-12-2018 17:43:50.938] (CheckManager) Enabled check world.FastPlace
[08-12-2018 17:43:50.941] (CheckManager) Enabled check world.Nuker
[08-12-2018 17:43:50.946] (CheckManager) Enabled check world.NoSwing
[08-12-2018 17:43:50.954] (CheckManager) Enabled check world.Interact
[08-12-2018 17:43:50.964] (CheckManager) Enabled check world.Velocity
[08-12-2018 17:43:50.974] (CheckManager) Enabled check MovementManager
[08-12-2018 17:43:51.018] AAC has been enabled
