[08-12-2018 17:50:51.746] (CheckManager) Enabled check chat.Spam
[08-12-2018 17:50:51.775] (CheckManager) Enabled check combat.Hitbox
[08-12-2018 17:50:51.779] (CheckManager) Enabled check combat.Fastbow
[08-12-2018 17:50:51.782] (CheckManager) Enabled check combat.FightSpeed
[08-12-2018 17:50:51.786] (CheckManager) Enabled check combat.Regen
[08-12-2018 17:50:51.790] (CheckManager) Enabled check combat.FastUse
[08-12-2018 17:50:51.835] (CheckManager) Enabled check combat.Killaura
[08-12-2018 17:50:51.881] (CheckManager) Enabled check movement.Speed
[08-12-2018 17:50:51.884] (CheckManager) Enabled check movement.Phase
[08-12-2018 17:50:51.891] (CheckManager) Enabled check movement.Fly
[08-12-2018 17:50:51.899] (CheckManager) Enabled check movement.Vehicles
[08-12-2018 17:50:51.914] (CheckManager) Enabled check movement.Elytra
[08-12-2018 17:50:51.918] (CheckManager) Enabled check movement.NoFall
[08-12-2018 17:50:51.921] (CheckManager) Enabled check movement.Jesus
[08-12-2018 17:50:51.924] (CheckManager) Enabled check movement.Derp
[08-12-2018 17:50:51.926] (CheckManager) Enabled check combat.Criticals
[08-12-2018 17:50:51.987] (CheckManager) Enabled check world.FastBreak
[08-12-2018 17:50:51.989] (CheckManager) Enabled check world.FastPlace
[08-12-2018 17:50:51.994] (CheckManager) Enabled check world.Nuker
[08-12-2018 17:50:52.004] (CheckManager) Enabled check world.NoSwing
[08-12-2018 17:50:52.022] (CheckManager) Enabled check world.Interact
[08-12-2018 17:50:52.042] (CheckManager) Enabled check world.Velocity
[08-12-2018 17:50:52.063] (CheckManager) Enabled check MovementManager
[08-12-2018 17:50:52.119] AAC has been enabled
