[08-12-2018 17:39:26.500] (CheckManager) Enabled check chat.Spam
[08-12-2018 17:39:26.534] (CheckManager) Enabled check combat.Hitbox
[08-12-2018 17:39:26.538] (CheckManager) Enabled check combat.Fastbow
[08-12-2018 17:39:26.541] (CheckManager) Enabled check combat.FightSpeed
[08-12-2018 17:39:26.543] (CheckManager) Enabled check combat.Regen
[08-12-2018 17:39:26.544] (CheckManager) Enabled check combat.FastUse
[08-12-2018 17:39:26.614] (CheckManager) Enabled check combat.Killaura
[08-12-2018 17:39:26.662] (CheckManager) Enabled check movement.Speed
[08-12-2018 17:39:26.666] (CheckManager) Enabled check movement.Phase
[08-12-2018 17:39:26.677] (CheckManager) Enabled check movement.Fly
[08-12-2018 17:39:26.681] (CheckManager) Enabled check movement.Vehicles
[08-12-2018 17:39:26.701] (CheckManager) Enabled check movement.Elytra
[08-12-2018 17:39:26.710] (CheckManager) Enabled check movement.NoFall
[08-12-2018 17:39:26.713] (CheckManager) Enabled check movement.Jesus
[08-12-2018 17:39:26.715] (CheckManager) Enabled check movement.Derp
[08-12-2018 17:39:26.718] (CheckManager) Enabled check combat.Criticals
[08-12-2018 17:39:26.758] (CheckManager) Enabled check world.FastBreak
[08-12-2018 17:39:26.762] (CheckManager) Enabled check world.FastPlace
[08-12-2018 17:39:26.766] (CheckManager) Enabled check world.Nuker
[08-12-2018 17:39:26.774] (CheckManager) Enabled check world.NoSwing
[08-12-2018 17:39:26.794] (CheckManager) Enabled check world.Interact
[08-12-2018 17:39:26.802] (CheckManager) Enabled check world.Velocity
[08-12-2018 17:39:26.811] (CheckManager) Enabled check MovementManager
[08-12-2018 17:39:26.838] AAC has been enabled
