[08-12-2018 17:47:36.587] (CheckManager) Enabled check chat.Spam
[08-12-2018 17:47:36.648] (CheckManager) Enabled check combat.Hitbox
[08-12-2018 17:47:36.652] (CheckManager) Enabled check combat.Fastbow
[08-12-2018 17:47:36.655] (CheckManager) Enabled check combat.FightSpeed
[08-12-2018 17:47:36.661] (CheckManager) Enabled check combat.Regen
[08-12-2018 17:47:36.664] (CheckManager) Enabled check combat.FastUse
[08-12-2018 17:47:36.729] (CheckManager) Enabled check combat.Killaura
[08-12-2018 17:47:36.751] (CheckManager) Enabled check movement.Speed
[08-12-2018 17:47:36.754] (CheckManager) Enabled check movement.Phase
[08-12-2018 17:47:36.766] (CheckManager) Enabled check movement.Fly
[08-12-2018 17:47:36.771] (CheckManager) Enabled check movement.Vehicles
[08-12-2018 17:47:36.808] (CheckManager) Enabled check movement.Elytra
[08-12-2018 17:47:36.812] (CheckManager) Enabled check movement.NoFall
[08-12-2018 17:47:36.814] (CheckManager) Enabled check movement.Jesus
[08-12-2018 17:47:36.817] (CheckManager) Enabled check movement.Derp
[08-12-2018 17:47:36.823] (CheckManager) Enabled check combat.Criticals
[08-12-2018 17:47:36.881] (CheckManager) Enabled check world.FastBreak
[08-12-2018 17:47:36.885] (CheckManager) Enabled check world.FastPlace
[08-12-2018 17:47:36.891] (CheckManager) Enabled check world.Nuker
[08-12-2018 17:47:36.897] (CheckManager) Enabled check world.NoSwing
[08-12-2018 17:47:36.904] (CheckManager) Enabled check world.Interact
[08-12-2018 17:47:36.911] (CheckManager) Enabled check world.Velocity
[08-12-2018 17:47:36.921] (CheckManager) Enabled check MovementManager
[08-12-2018 17:47:36.963] AAC has been enabled
