[17-03-2018 10:51:13.377] (CheckManager) Enabled check chat.Spam
[17-03-2018 10:51:13.385] (CheckManager) Enabled check combat.Hitbox
[17-03-2018 10:51:13.388] (CheckManager) Enabled check combat.Fastbow
[17-03-2018 10:51:13.391] (CheckManager) Enabled check combat.FightSpeed
[17-03-2018 10:51:13.393] (CheckManager) Enabled check combat.Regen
[17-03-2018 10:51:13.394] (CheckManager) Enabled check combat.FastUse
[17-03-2018 10:51:13.402] (CheckManager) Enabled check combat.Killaura
[17-03-2018 10:51:13.425] (CheckManager) Enabled check combat.Heuristics
[17-03-2018 10:51:13.433] (CheckManager) Enabled check movement.BadPackets
[17-03-2018 10:51:13.444] (CheckManager) Enabled check movement.Speed
[17-03-2018 10:51:13.450] (CheckManager) Enabled check movement.Phase
[17-03-2018 10:51:13.466] (CheckManager) Enabled check movement.Fly
[17-03-2018 10:51:13.472] (CheckManager) Enabled check movement.NoFall
[17-03-2018 10:51:13.475] (CheckManager) Enabled check movement.Jesus
[17-03-2018 10:51:13.476] (CheckManager) Enabled check movement.Derp
[17-03-2018 10:51:13.479] (CheckManager) Enabled check combat.Criticals
[17-03-2018 10:51:13.491] (CheckManager) Enabled check world.FastBreak
[17-03-2018 10:51:13.491] (CheckManager) Enabled check world.FastPlace
[17-03-2018 10:51:13.492] (CheckManager) Enabled check world.Nuker
[17-03-2018 10:51:13.495] (CheckManager) Enabled check world.NoSwing
[17-03-2018 10:51:13.500] (CheckManager) Enabled check world.Interact
[17-03-2018 10:51:13.505] (CheckManager) Enabled check world.Velocity
[17-03-2018 10:51:13.514] (CheckManager) Enabled check MovementManager
[17-03-2018 10:51:13.523] AAC has been enabled
