[17-03-2018 10:40:41.739] (CheckManager) Enabled check chat.Spam
[17-03-2018 10:40:41.745] (CheckManager) Enabled check combat.Hitbox
[17-03-2018 10:40:41.750] (CheckManager) Enabled check combat.Fastbow
[17-03-2018 10:40:41.753] (CheckManager) Enabled check combat.FightSpeed
[17-03-2018 10:40:41.755] (CheckManager) Enabled check combat.Regen
[17-03-2018 10:40:41.757] (CheckManager) Enabled check combat.FastUse
[17-03-2018 10:40:41.765] (CheckManager) Enabled check combat.Killaura
[17-03-2018 10:40:41.785] (CheckManager) Enabled check combat.Heuristics
[17-03-2018 10:40:41.791] (CheckManager) Enabled check movement.BadPackets
[17-03-2018 10:40:41.805] (CheckManager) Enabled check movement.Speed
[17-03-2018 10:40:41.811] (CheckManager) Enabled check movement.Phase
[17-03-2018 10:40:41.827] (CheckManager) Enabled check movement.Fly
[17-03-2018 10:40:41.835] (CheckManager) Enabled check movement.NoFall
[17-03-2018 10:40:41.838] (CheckManager) Enabled check movement.Jesus
[17-03-2018 10:40:41.845] (CheckManager) Enabled check movement.Derp
[17-03-2018 10:40:41.845] (CheckManager) Enabled check combat.Criticals
[17-03-2018 10:40:41.850] (CheckManager) Enabled check world.FastBreak
[17-03-2018 10:40:41.855] (CheckManager) Enabled check world.FastPlace
[17-03-2018 10:40:41.861] (CheckManager) Enabled check world.Nuker
[17-03-2018 10:40:41.861] (CheckManager) Enabled check world.NoSwing
[17-03-2018 10:40:41.864] (CheckManager) Enabled check world.Interact
[17-03-2018 10:40:41.871] (CheckManager) Enabled check world.Velocity
[17-03-2018 10:40:41.878] (CheckManager) Enabled check MovementManager
[17-03-2018 10:40:41.886] AAC has been enabled
