[10:39:04.26] Enabling plugin...
[10:39:04.389] Heuristic-Addition has been enabled.
[10:39:04.397] LogBot was chosen not to be enabled.
[10:39:05.074] ClientControl-BetterSprinting was chosen not to be enabled.
[10:39:05.077] ClientControl-5zig was chosen not to be enabled.
[10:39:05.086] ClientControl-Forge has been enabled.
[10:39:05.091] ClientControl-LabyMod was chosen not to be enabled.
[10:39:05.094] ClientControl-LiteLoader was chosen not to be enabled.
[10:39:05.097] ClientControl-Schematica was chosen not to be enabled.
[10:39:05.102] ClientControl-WorldDownloader was chosen not to be enabled.
[10:39:05.134] AutoFish-Parts: inhuman reaction: true | consistency: true
[10:39:05.135] AutoFish has been enabled.
[10:39:05.155] AutoPotion has been enabled.
[10:39:05.161] BlindnessSprint has been enabled.
[10:39:05.169] EqualRotation has been enabled.
[10:39:05.176] Esp has been enabled.
[10:39:05.187] Fastswitch has been enabled.
[10:39:05.192] FlyPatch was chosen not to be enabled.
[10:39:05.202] Freecam has been enabled.
[10:39:05.208] InventoryChat has been enabled.
[10:39:05.212] InventoryHeuristics was chosen not to be enabled.
[10:39:05.219] InventoryHit has been enabled.
[10:39:05.254] InventoryMove has been enabled.
[10:39:05.257] InventoryRotation has been enabled.
[10:39:05.271] KillauraEntity has been enabled.
[10:39:05.284] MultiInteraction has been enabled.
[10:39:05.296] Pingspoof has been enabled.
[10:39:05.308] Scaffold has been enabled.
[10:39:05.311] Skinblinker has been enabled.
[10:39:05.315] Teaming was chosen not to be enabled.
[10:39:05.331] Tower has been enabled.
[10:40:31.281] AACAdditionPro disabled.
[10:40:31.282]  
[10:40:40.18] Enabling plugin...
[10:40:40.255] Heuristic-Addition has been enabled.
[10:40:40.258] LogBot was chosen not to be enabled.
[10:40:40.749] ClientControl-BetterSprinting was chosen not to be enabled.
[10:40:40.752] ClientControl-5zig was chosen not to be enabled.
[10:40:40.759] ClientControl-Forge has been enabled.
[10:40:40.763] ClientControl-LabyMod was chosen not to be enabled.
[10:40:40.767] ClientControl-LiteLoader was chosen not to be enabled.
[10:40:40.771] ClientControl-Schematica was chosen not to be enabled.
[10:40:40.774] ClientControl-WorldDownloader was chosen not to be enabled.
[10:40:40.792] AutoFish-Parts: inhuman reaction: true | consistency: true
[10:40:40.792] AutoFish has been enabled.
[10:40:40.81] AutoPotion has been enabled.
[10:40:40.816] BlindnessSprint has been enabled.
[10:40:40.825] EqualRotation has been enabled.
[10:40:40.832] Esp has been enabled.
[10:40:40.842] Fastswitch has been enabled.
[10:40:40.845] FlyPatch was chosen not to be enabled.
[10:40:40.854] Freecam has been enabled.
[10:40:40.859] InventoryChat has been enabled.
[10:40:40.862] InventoryHeuristics was chosen not to be enabled.
[10:40:40.868] InventoryHit has been enabled.
[10:40:40.89] InventoryMove has been enabled.
[10:40:40.894] InventoryRotation has been enabled.
[10:40:40.906] KillauraEntity has been enabled.
[10:40:40.92] MultiInteraction has been enabled.
[10:40:40.931] Pingspoof has been enabled.
[10:40:40.941] Scaffold has been enabled.
[10:40:40.944] Skinblinker has been enabled.
[10:40:40.947] Teaming was chosen not to be enabled.
[10:40:40.96] Tower has been enabled.
[10:45:28.289] AACAdditionPro disabled.
[10:45:28.29]  
[10:45:37.212] Enabling plugin...
[10:45:37.283] Heuristic-Addition has been enabled.
[10:45:37.286] LogBot was chosen not to be enabled.
[10:45:37.757] ClientControl-BetterSprinting was chosen not to be enabled.
[10:45:37.76] ClientControl-5zig was chosen not to be enabled.
[10:45:37.767] ClientControl-Forge has been enabled.
[10:45:37.769] ClientControl-LabyMod was chosen not to be enabled.
[10:45:37.773] ClientControl-LiteLoader was chosen not to be enabled.
[10:45:37.777] ClientControl-Schematica was chosen not to be enabled.
[10:45:37.781] ClientControl-WorldDownloader was chosen not to be enabled.
[10:45:37.799] AutoFish-Parts: inhuman reaction: true | consistency: true
[10:45:37.799] AutoFish has been enabled.
[10:45:37.815] AutoPotion has been enabled.
[10:45:37.821] BlindnessSprint has been enabled.
[10:45:37.829] EqualRotation has been enabled.
[10:45:37.836] Esp has been enabled.
[10:45:37.848] Fastswitch has been enabled.
[10:45:37.851] FlyPatch was chosen not to be enabled.
[10:45:37.86] Freecam has been enabled.
[10:45:37.867] InventoryChat has been enabled.
[10:45:37.871] InventoryHeuristics was chosen not to be enabled.
[10:45:37.877] InventoryHit has been enabled.
[10:45:37.898] InventoryMove has been enabled.
[10:45:37.902] InventoryRotation has been enabled.
[10:45:37.915] KillauraEntity has been enabled.
[10:45:37.93] MultiInteraction has been enabled.
[10:45:37.941] Pingspoof has been enabled.
[10:45:37.952] Scaffold has been enabled.
[10:45:37.955] Skinblinker has been enabled.
[10:45:37.958] Teaming was chosen not to be enabled.
[10:45:37.974] Tower has been enabled.
[10:49:39.724] AACAdditionPro disabled.
[10:49:39.725]  
[10:49:48.733] Enabling plugin...
[10:49:48.823] Heuristic-Addition has been enabled.
[10:49:48.827] LogBot was chosen not to be enabled.
[10:49:49.324] ClientControl-BetterSprinting was chosen not to be enabled.
[10:49:49.327] ClientControl-5zig was chosen not to be enabled.
[10:49:49.334] ClientControl-Forge has been enabled.
[10:49:49.338] ClientControl-LabyMod was chosen not to be enabled.
[10:49:49.342] ClientControl-LiteLoader was chosen not to be enabled.
[10:49:49.346] ClientControl-Schematica was chosen not to be enabled.
[10:49:49.349] ClientControl-WorldDownloader was chosen not to be enabled.
[10:49:49.368] AutoFish-Parts: inhuman reaction: true | consistency: true
[10:49:49.368] AutoFish has been enabled.
[10:49:49.386] AutoPotion has been enabled.
[10:49:49.392] BlindnessSprint has been enabled.
[10:49:49.401] EqualRotation has been enabled.
[10:49:49.407] Esp has been enabled.
[10:49:49.421] Fastswitch has been enabled.
[10:49:49.424] FlyPatch was chosen not to be enabled.
[10:49:49.434] Freecam has been enabled.
[10:49:49.44] InventoryChat has been enabled.
[10:49:49.443] InventoryHeuristics was chosen not to be enabled.
[10:49:49.45] InventoryHit has been enabled.
[10:49:49.471] InventoryMove has been enabled.
[10:49:49.474] InventoryRotation has been enabled.
[10:49:49.488] KillauraEntity has been enabled.
[10:49:49.501] MultiInteraction has been enabled.
[10:49:49.511] Pingspoof has been enabled.
[10:49:49.522] Scaffold has been enabled.
[10:49:49.525] Skinblinker has been enabled.
[10:49:49.528] Teaming was chosen not to be enabled.
[10:49:49.541] Tower has been enabled.
[10:50:45.459] AACAdditionPro disabled.
[10:50:45.461]  
[10:51:11.955] Enabling plugin...
[10:51:12.022] Heuristic-Addition has been enabled.
[10:51:12.025] LogBot was chosen not to be enabled.
[10:51:12.463] ClientControl-BetterSprinting was chosen not to be enabled.
[10:51:12.466] ClientControl-5zig was chosen not to be enabled.
[10:51:12.472] ClientControl-Forge has been enabled.
[10:51:12.475] ClientControl-LabyMod was chosen not to be enabled.
[10:51:12.478] ClientControl-LiteLoader was chosen not to be enabled.
[10:51:12.481] ClientControl-Schematica was chosen not to be enabled.
[10:51:12.483] ClientControl-WorldDownloader was chosen not to be enabled.
[10:51:12.50] AutoFish-Parts: inhuman reaction: true | consistency: true
[10:51:12.501] AutoFish has been enabled.
[10:51:12.519] AutoPotion has been enabled.
[10:51:12.524] BlindnessSprint has been enabled.
[10:51:12.532] EqualRotation has been enabled.
[10:51:12.538] Esp has been enabled.
[10:51:12.548] Fastswitch has been enabled.
[10:51:12.551] FlyPatch was chosen not to be enabled.
[10:51:12.559] Freecam has been enabled.
[10:51:12.565] InventoryChat has been enabled.
[10:51:12.567] InventoryHeuristics was chosen not to be enabled.
[10:51:12.573] InventoryHit has been enabled.
[10:51:12.593] InventoryMove has been enabled.
[10:51:12.597] InventoryRotation has been enabled.
[10:51:12.61] KillauraEntity has been enabled.
[10:51:12.624] MultiInteraction has been enabled.
[10:51:12.634] Pingspoof has been enabled.
[10:51:12.645] Scaffold has been enabled.
[10:51:12.648] Skinblinker has been enabled.
[10:51:12.651] Teaming was chosen not to be enabled.
[10:51:12.663] Tower has been enabled.
[10:51:42.546] AACAdditionPro disabled.
[10:51:42.547]  
